<?xml version="1.0" encoding="UTF-8"?>
<testng-results ignored="0" total="1" passed="1" failed="0" skipped="0">
  <reporter-output>
  </reporter-output>
  <suite started-at="2025-11-28T17:43:08 IST" name="Default suite" finished-at="2025-11-28T17:43:08 IST" duration-ms="45">
    <groups>
    </groups>
    <test started-at="2025-11-28T17:43:08 IST" name="Default test" finished-at="2025-11-28T17:43:08 IST" duration-ms="45">
      <class name="Maven1">
        <test-method signature="A()[pri:0, instance:Maven1@4d5d943d]" started-at="2025-11-28T17:43:08 IST" name="A" finished-at="2025-11-28T17:43:08 IST" duration-ms="9" status="PASS">
          <reporter-output>
          </reporter-output>
        </test-method> <!-- A -->
      </class> <!-- Maven1 -->
    </test> <!-- Default test -->
  </suite> <!-- Default suite -->
</testng-results>
